<?xml version="1.0" encoding="UTF-8"?>
<testsuite name="de.device.manager.service.impl.UserServiceImplTest" tests="6" skipped="0" failures="0" errors="0" timestamp="2023-07-10T11:04:04" hostname="sepidehs-MacBook-Pro.local" time="0.108">
  <properties/>
  <testcase name="testAssignDeviceToUser()" classname="de.device.manager.service.impl.UserServiceImplTest" time="0.058"/>
  <testcase name="testGetAllUsers()" classname="de.device.manager.service.impl.UserServiceImplTest" time="0.007"/>
  <testcase name="testFindById()" classname="de.device.manager.service.impl.UserServiceImplTest" time="0.005"/>
  <testcase name="testFindByIdNotFound()" classname="de.device.manager.service.impl.UserServiceImplTest" time="0.006"/>
  <testcase name="testCreateInvalidUserShouldThrowException()" classname="de.device.manager.service.impl.UserServiceImplTest" time="0.007"/>
  <testcase name="testCreateUser()" classname="de.device.manager.service.impl.UserServiceImplTest" time="0.006"/>
  <system-out><![CDATA[2023-07-10T13:04:02.161+02:00  INFO 89064 --- [    Test worker] t.c.s.AnnotationConfigContextLoaderUtils : Could not detect default configuration classes for test class [de.device.manager.service.impl.UserServiceImplTest]: UserServiceImplTest does not declare any static, non-private, non-final, nested classes annotated with @Configuration.
2023-07-10T13:04:02.189+02:00  INFO 89064 --- [    Test worker] .b.t.c.SpringBootTestContextBootstrapper : Found @SpringBootConfiguration de.device.manager.ManagerApplication for test class de.device.manager.service.impl.UserServiceImplTest

  .   ____          _            __ _ _
 /\\ / ___'_ __ _ _(_)_ __  __ _ \ \ \ \
( ( )\___ | '_ | '_| | '_ \/ _` | \ \ \ \
 \\/  ___)| |_)| | | | | || (_| |  ) ) ) )
  '  |____| .__|_| |_|_| |_\__, | / / / /
 =========|_|==============|___/=/_/_/_/
 :: Spring Boot ::                (v3.1.1)

2023-07-10T13:04:02.228+02:00  INFO 89064 --- [    Test worker] d.d.m.service.impl.UserServiceImplTest   : Starting UserServiceImplTest using Java 17.0.7 with PID 89064 (started by sepidehlatifian in /Users/sepidehlatifian/Desktop/code/deviceManager)
2023-07-10T13:04:02.228+02:00  INFO 89064 --- [    Test worker] d.d.m.service.impl.UserServiceImplTest   : No active profile set, falling back to 1 default profile: "default"
2023-07-10T13:04:02.453+02:00  INFO 89064 --- [    Test worker] .s.d.r.c.RepositoryConfigurationDelegate : Bootstrapping Spring Data JPA repositories in DEFAULT mode.
2023-07-10T13:04:02.479+02:00  INFO 89064 --- [    Test worker] .s.d.r.c.RepositoryConfigurationDelegate : Finished Spring Data repository scanning in 25 ms. Found 2 JPA repository interfaces.
2023-07-10T13:04:03.529+02:00  INFO 89064 --- [    Test worker] com.zaxxer.hikari.HikariDataSource       : HikariPool-3 - Starting...
2023-07-10T13:04:03.538+02:00  INFO 89064 --- [    Test worker] com.zaxxer.hikari.pool.HikariPool        : HikariPool-3 - Added connection conn20: url=jdbc:h2:mem:8aa5647b-7d76-450c-b0fe-7b337d54b3f9 user=SA
2023-07-10T13:04:03.540+02:00  INFO 89064 --- [    Test worker] com.zaxxer.hikari.HikariDataSource       : HikariPool-3 - Start completed.
2023-07-10T13:04:03.547+02:00  INFO 89064 --- [    Test worker] o.hibernate.jpa.internal.util.LogHelper  : HHH000204: Processing PersistenceUnitInfo [name: default]
2023-07-10T13:04:03.573+02:00  INFO 89064 --- [    Test worker] o.h.b.i.BytecodeProviderInitiator        : HHH000021: Bytecode provider name : bytebuddy
2023-07-10T13:04:03.574+02:00  INFO 89064 --- [    Test worker] o.s.o.j.p.SpringPersistenceUnitInfo      : No LoadTimeWeaver setup: ignoring JPA class transformer
2023-07-10T13:04:03.608+02:00  INFO 89064 --- [    Test worker] o.h.b.i.BytecodeProviderInitiator        : HHH000021: Bytecode provider name : bytebuddy
2023-07-10T13:04:03.688+02:00  INFO 89064 --- [    Test worker] o.h.e.t.j.p.i.JtaPlatformInitiator       : HHH000490: Using JtaPlatform implementation: [org.hibernate.engine.transaction.jta.platform.internal.NoJtaPlatform]
2023-07-10T13:04:03.698+02:00  INFO 89064 --- [    Test worker] j.LocalContainerEntityManagerFactoryBean : Initialized JPA EntityManagerFactory for persistence unit 'default'
2023-07-10T13:04:03.841+02:00  WARN 89064 --- [    Test worker] JpaBaseConfiguration$JpaWebConfiguration : spring.jpa.open-in-view is enabled by default. Therefore, database queries may be performed during view rendering. Explicitly configure spring.jpa.open-in-view to disable this warning
2023-07-10T13:04:04.121+02:00  INFO 89064 --- [    Test worker] d.d.m.service.impl.UserServiceImplTest   : Started UserServiceImplTest in 1.924 seconds (process running for 11.911)
]]></system-out>
  <system-err><![CDATA[]]></system-err>
</testsuite>
