<?xml version="1.0" encoding="UTF-8"?>
<testsuite name="de.device.manager.controller.DeviceControllerTest" tests="2" skipped="0" failures="0" errors="0" timestamp="2023-07-10T11:04:00" hostname="sepidehs-MacBook-Pro.local" time="0.61">
  <properties/>
  <testcase name="testGetAllDevices()" classname="de.device.manager.controller.DeviceControllerTest" time="0.44"/>
  <testcase name="testCreateDevice()" classname="de.device.manager.controller.DeviceControllerTest" time="0.153"/>
  <system-out><![CDATA[2023-07-10T13:03:59.316+02:00  INFO 89064 --- [    Test worker] t.c.s.AnnotationConfigContextLoaderUtils : Could not detect default configuration classes for test class [de.device.manager.controller.DeviceControllerTest]: DeviceControllerTest does not declare any static, non-private, non-final, nested classes annotated with @Configuration.
2023-07-10T13:03:59.351+02:00  INFO 89064 --- [    Test worker] .b.t.c.SpringBootTestContextBootstrapper : Found @SpringBootConfiguration de.device.manager.ManagerApplication for test class de.device.manager.controller.DeviceControllerTest

  .   ____          _            __ _ _
 /\\ / ___'_ __ _ _(_)_ __  __ _ \ \ \ \
( ( )\___ | '_ | '_| | '_ \/ _` | \ \ \ \
 \\/  ___)| |_)| | | | | || (_| |  ) ) ) )
  '  |____| .__|_| |_|_| |_\__, | / / / /
 =========|_|==============|___/=/_/_/_/
 :: Spring Boot ::                (v3.1.1)

2023-07-10T13:03:59.411+02:00  INFO 89064 --- [    Test worker] d.d.m.controller.DeviceControllerTest    : Starting DeviceControllerTest using Java 17.0.7 with PID 89064 (started by sepidehlatifian in /Users/sepidehlatifian/Desktop/code/deviceManager)
2023-07-10T13:03:59.413+02:00  INFO 89064 --- [    Test worker] d.d.m.controller.DeviceControllerTest    : No active profile set, falling back to 1 default profile: "default"
2023-07-10T13:03:59.781+02:00  INFO 89064 --- [    Test worker] .s.d.r.c.RepositoryConfigurationDelegate : Bootstrapping Spring Data JPA repositories in DEFAULT mode.
2023-07-10T13:03:59.816+02:00  INFO 89064 --- [    Test worker] .s.d.r.c.RepositoryConfigurationDelegate : Finished Spring Data repository scanning in 32 ms. Found 2 JPA repository interfaces.
2023-07-10T13:04:00.097+02:00  INFO 89064 --- [    Test worker] o.s.b.w.embedded.tomcat.TomcatWebServer  : Tomcat initialized with port(s): 0 (http)
2023-07-10T13:04:00.105+02:00  INFO 89064 --- [    Test worker] o.apache.catalina.core.StandardService   : Starting service [Tomcat]
2023-07-10T13:04:00.105+02:00  INFO 89064 --- [    Test worker] o.apache.catalina.core.StandardEngine    : Starting Servlet engine: [Apache Tomcat/10.1.10]
2023-07-10T13:04:00.218+02:00  INFO 89064 --- [    Test worker] o.a.c.c.C.[Tomcat].[localhost].[/]       : Initializing Spring embedded WebApplicationContext
2023-07-10T13:04:00.222+02:00  INFO 89064 --- [    Test worker] w.s.c.ServletWebServerApplicationContext : Root WebApplicationContext: initialization completed in 799 ms
2023-07-10T13:04:00.427+02:00  INFO 89064 --- [    Test worker] com.zaxxer.hikari.HikariDataSource       : HikariPool-2 - Starting...
2023-07-10T13:04:00.432+02:00  INFO 89064 --- [    Test worker] com.zaxxer.hikari.pool.HikariPool        : HikariPool-2 - Added connection conn10: url=jdbc:h2:mem:74548d99-bafd-45f7-b5b9-febfe2592309 user=SA
2023-07-10T13:04:00.433+02:00  INFO 89064 --- [    Test worker] com.zaxxer.hikari.HikariDataSource       : HikariPool-2 - Start completed.
2023-07-10T13:04:00.436+02:00  INFO 89064 --- [    Test worker] o.hibernate.jpa.internal.util.LogHelper  : HHH000204: Processing PersistenceUnitInfo [name: default]
2023-07-10T13:04:00.447+02:00  INFO 89064 --- [    Test worker] o.h.b.i.BytecodeProviderInitiator        : HHH000021: Bytecode provider name : bytebuddy
2023-07-10T13:04:00.448+02:00  INFO 89064 --- [    Test worker] o.s.o.j.p.SpringPersistenceUnitInfo      : No LoadTimeWeaver setup: ignoring JPA class transformer
2023-07-10T13:04:00.466+02:00  INFO 89064 --- [    Test worker] o.h.b.i.BytecodeProviderInitiator        : HHH000021: Bytecode provider name : bytebuddy
2023-07-10T13:04:00.510+02:00  INFO 89064 --- [    Test worker] o.h.e.t.j.p.i.JtaPlatformInitiator       : HHH000490: Using JtaPlatform implementation: [org.hibernate.engine.transaction.jta.platform.internal.NoJtaPlatform]
2023-07-10T13:04:00.514+02:00  INFO 89064 --- [    Test worker] j.LocalContainerEntityManagerFactoryBean : Initialized JPA EntityManagerFactory for persistence unit 'default'
2023-07-10T13:04:00.630+02:00  WARN 89064 --- [    Test worker] JpaBaseConfiguration$JpaWebConfiguration : spring.jpa.open-in-view is enabled by default. Therefore, database queries may be performed during view rendering. Explicitly configure spring.jpa.open-in-view to disable this warning
2023-07-10T13:04:00.883+02:00  INFO 89064 --- [    Test worker] o.s.b.w.embedded.tomcat.TomcatWebServer  : Tomcat started on port(s): 64860 (http) with context path ''
2023-07-10T13:04:00.892+02:00  INFO 89064 --- [    Test worker] d.d.m.controller.DeviceControllerTest    : Started DeviceControllerTest in 1.527 seconds (process running for 8.682)
2023-07-10T13:04:01.008+02:00  INFO 89064 --- [o-auto-1-exec-1] o.a.c.c.C.[Tomcat].[localhost].[/]       : Initializing Spring DispatcherServlet 'dispatcherServlet'
2023-07-10T13:04:01.009+02:00  INFO 89064 --- [o-auto-1-exec-1] o.s.web.servlet.DispatcherServlet        : Initializing Servlet 'dispatcherServlet'
2023-07-10T13:04:01.010+02:00  INFO 89064 --- [o-auto-1-exec-1] o.s.web.servlet.DispatcherServlet        : Completed initialization in 1 ms
]]></system-out>
  <system-err><![CDATA[]]></system-err>
</testsuite>
