<?xml version="1.0" encoding="UTF-8"?>
<testsuite name="de.device.manager.ManagerApplicationTests" tests="1" skipped="0" failures="0" errors="0" timestamp="2023-07-10T11:03:58" hostname="sepidehs-MacBook-Pro.local" time="0.687">
  <properties/>
  <testcase name="contextLoads()" classname="de.device.manager.ManagerApplicationTests" time="0.687"/>
  <system-out><![CDATA[13:03:53.266 [Test worker] INFO org.springframework.test.context.support.AnnotationConfigContextLoaderUtils -- Could not detect default configuration classes for test class [de.device.manager.ManagerApplicationTests]: ManagerApplicationTests does not declare any static, non-private, non-final, nested classes annotated with @Configuration.
13:03:53.408 [Test worker] INFO org.springframework.boot.test.context.SpringBootTestContextBootstrapper -- Found @SpringBootConfiguration de.device.manager.ManagerApplication for test class de.device.manager.ManagerApplicationTests

  .   ____          _            __ _ _
 /\\ / ___'_ __ _ _(_)_ __  __ _ \ \ \ \
( ( )\___ | '_ | '_| | '_ \/ _` | \ \ \ \
 \\/  ___)| |_)| | | | | || (_| |  ) ) ) )
  '  |____| .__|_| |_|_| |_\__, | / / / /
 =========|_|==============|___/=/_/_/_/
 :: Spring Boot ::                (v3.1.1)

2023-07-10T13:03:53.851+02:00  INFO 89064 --- [    Test worker] d.d.manager.ManagerApplicationTests      : Starting ManagerApplicationTests using Java 17.0.7 with PID 89064 (started by sepidehlatifian in /Users/sepidehlatifian/Desktop/code/deviceManager)
2023-07-10T13:03:53.854+02:00  INFO 89064 --- [    Test worker] d.d.manager.ManagerApplicationTests      : No active profile set, falling back to 1 default profile: "default"
2023-07-10T13:03:54.902+02:00  INFO 89064 --- [    Test worker] .s.d.r.c.RepositoryConfigurationDelegate : Bootstrapping Spring Data JPA repositories in DEFAULT mode.
2023-07-10T13:03:54.982+02:00  INFO 89064 --- [    Test worker] .s.d.r.c.RepositoryConfigurationDelegate : Finished Spring Data repository scanning in 72 ms. Found 2 JPA repository interfaces.
2023-07-10T13:03:55.666+02:00  INFO 89064 --- [    Test worker] com.zaxxer.hikari.HikariDataSource       : HikariPool-1 - Starting...
2023-07-10T13:03:55.809+02:00  INFO 89064 --- [    Test worker] com.zaxxer.hikari.pool.HikariPool        : HikariPool-1 - Added connection conn0: url=jdbc:h2:mem:d2f5009b-9a23-43e4-9bc2-85f64d362147 user=SA
2023-07-10T13:03:55.811+02:00  INFO 89064 --- [    Test worker] com.zaxxer.hikari.HikariDataSource       : HikariPool-1 - Start completed.
2023-07-10T13:03:55.872+02:00  INFO 89064 --- [    Test worker] o.hibernate.jpa.internal.util.LogHelper  : HHH000204: Processing PersistenceUnitInfo [name: default]
2023-07-10T13:03:55.949+02:00  INFO 89064 --- [    Test worker] org.hibernate.Version                    : HHH000412: Hibernate ORM core version 6.2.5.Final
2023-07-10T13:03:55.955+02:00  INFO 89064 --- [    Test worker] org.hibernate.cfg.Environment            : HHH000406: Using bytecode reflection optimizer
2023-07-10T13:03:56.063+02:00  INFO 89064 --- [    Test worker] o.h.b.i.BytecodeProviderInitiator        : HHH000021: Bytecode provider name : bytebuddy
2023-07-10T13:03:56.176+02:00  INFO 89064 --- [    Test worker] o.s.o.j.p.SpringPersistenceUnitInfo      : No LoadTimeWeaver setup: ignoring JPA class transformer
2023-07-10T13:03:56.380+02:00  INFO 89064 --- [    Test worker] o.h.b.i.BytecodeProviderInitiator        : HHH000021: Bytecode provider name : bytebuddy
2023-07-10T13:03:56.860+02:00  INFO 89064 --- [    Test worker] o.h.e.t.j.p.i.JtaPlatformInitiator       : HHH000490: Using JtaPlatform implementation: [org.hibernate.engine.transaction.jta.platform.internal.NoJtaPlatform]
2023-07-10T13:03:56.897+02:00  INFO 89064 --- [    Test worker] j.LocalContainerEntityManagerFactoryBean : Initialized JPA EntityManagerFactory for persistence unit 'default'
2023-07-10T13:03:57.939+02:00  WARN 89064 --- [    Test worker] JpaBaseConfiguration$JpaWebConfiguration : spring.jpa.open-in-view is enabled by default. Therefore, database queries may be performed during view rendering. Explicitly configure spring.jpa.open-in-view to disable this warning
2023-07-10T13:03:58.573+02:00  INFO 89064 --- [    Test worker] d.d.manager.ManagerApplicationTests      : Started ManagerApplicationTests in 5.013 seconds (process running for 6.362)
]]></system-out>
  <system-err><![CDATA[]]></system-err>
</testsuite>
