<?xml version="1.0" encoding="UTF-8"?>
<testsuite name="de.device.manager.controller.UserControllerTest" tests="4" skipped="0" failures="0" errors="0" timestamp="2023-07-10T11:04:01" hostname="sepidehs-MacBook-Pro.local" time="0.578">
  <properties/>
  <testcase name="testAssignDeviceToUser()" classname="de.device.manager.controller.UserControllerTest" time="0.437"/>
  <testcase name="testGetAllUsers()" classname="de.device.manager.controller.UserControllerTest" time="0.037"/>
  <testcase name="testCreateUser()" classname="de.device.manager.controller.UserControllerTest" time="0.045"/>
  <testcase name="testGetAllUsersWithDevices()" classname="de.device.manager.controller.UserControllerTest" time="0.049"/>
  <system-out><![CDATA[2023-07-10T13:04:01.532+02:00  INFO 89064 --- [    Test worker] t.c.s.AnnotationConfigContextLoaderUtils : Could not detect default configuration classes for test class [de.device.manager.controller.UserControllerTest]: UserControllerTest does not declare any static, non-private, non-final, nested classes annotated with @Configuration.
2023-07-10T13:04:01.546+02:00  INFO 89064 --- [    Test worker] .b.t.c.SpringBootTestContextBootstrapper : Found @SpringBootConfiguration de.device.manager.ManagerApplication for test class de.device.manager.controller.UserControllerTest
]]></system-out>
  <system-err><![CDATA[]]></system-err>
</testsuite>
